Jun 30 17:07:46  Notes[390] <Info>: : :: Welcome to Notes logs! Process='Notes' OperationSystem='Version 10.11.5 (Build 15F34)' MainBundle='com.apple.Notes (555.10.42)' ClassBundle='com.apple.NotesShared (555.10.42)'
Jun 30 17:07:46  Notes[390] <Warning>: -[NSManagedObjectContext(ICLegacyContext) allVisibleNotesForAccountWithObjectID:]:141 :: Trying to get all visible notes from a nil object ID
Jun 30 17:07:46  Notes[390] <Warning>: -[NSManagedObjectContext(ICLegacyContext) allVisibleNotesForAccountWithObjectID:]:141 :: Trying to get all visible notes from a nil object ID
Jun 30 17:07:46  Notes[390] <Warning>: -[NSManagedObjectContext(ICLegacyContext) allVisibleNotesForAccountWithObjectID:]:141 :: Trying to get all visible notes from a nil object ID
Jun 30 17:07:46  Notes[390] <Warning>: -[ICStartupController checkStatusIfNecessaryWithDeviceCheckIndicator:]:261 :: Check device and migration status.
Jun 30 17:07:46  Notes[390] <Warning>: __70-[ICStartupController checkStatusIfNecessaryWithDeviceCheckIndicator:]_block_invoke185:328 :: Got migration state response.
Jun 30 17:07:46  Notes[390] <Error>: __149-[ICMSearchIndexerAccountMigrationHandler updateAccountsWithLegacyAccountTypeToDidChooseToMigrateAccountMap:noteInvalidationBlock:completionHandler:]_block_invoke32:68 :: Failed to find legacy account object with id (null)
Jun 30 17:07:46  Notes[390] <Warning>: -[ICStartupController getStartupMigrationTypeWithTimeout:]:553 :: startupMigrationType: ICStartupMigrationTypeNoICloudOrLocalAccounts
Jun 30 17:07:46  Notes[390] <Error>: __57-[ICImportLegacyAccountOperation legacyAccountInContext:]_block_invoke:119 :: Error fetching legacy account being imported (0x40006b <x-coredata://2C72B561-9CBF-4C86-AA65-0728A4FA94F1/LocalAccount/p1>): Error Domain=NSCocoaErrorDomain Code=133000 "Attempt to access an object not found in store." UserInfo={NSAffectedObjectsErrorKey=(
	    "<NFLocalAccount: 0x7f9da2929ab0> (entity: LocalAccount; id: 0x40006b <x-coredata://2C72B561-9CBF-4C86-AA65-0728A4FA94F1/LocalAccount/p1> ; data: <fault>)"
	)}
Jun 30 17:07:46  Notes[390] <Warning>: -[ICImportLegacyAccountOperation legacyAccountInContext:]:124 :: [ICImportLegacyAccountOperation(0x7f9da2948760) legacyAccountInContext:] no legacy account found
Jun 30 17:07:46  Notes[390] <Warning>: -[ICImportLegacyAccountOperation cancelIfAccountWasDeleted]:105 :: Cancelling legacy import operation because the legacy account does not exist
Jun 30 17:07:46  Notes[390] <Error>: __149-[ICMSearchIndexerAccountMigrationHandler updateAccountsWithLegacyAccountTypeToDidChooseToMigrateAccountMap:noteInvalidationBlock:completionHandler:]_block_invoke32:68 :: Failed to find legacy account object with id (null)
Jun 30 17:07:46  Notes[390] <Error>: __149-[ICMSearchIndexerAccountMigrationHandler updateAccountsWithLegacyAccountTypeToDidChooseToMigrateAccountMap:noteInvalidationBlock:completionHandler:]_block_invoke32:68 :: Failed to find legacy account object with id (null)
Jun 30 17:07:46  Notes[390] <Warning>: -[ICCloudContext syncAllCloudObjectsWithCompletionHandler:]:436 :: Trying to sync all objects, but cloud syncing is disabled
Jun 30 17:07:46  Notes[390] <Warning>: __55+[ICMigrationController migrateLocalAccountIfNecessary]_block_invoke:481 :: Failed to import the local account
Jun 30 17:07:46  Notes[390] <Warning>: -[ICStartupController getStartupMigrationTypeWithTimeout:]:553 :: startupMigrationType: ICStartupMigrationTypeNoICloudOrLocalAccounts
Jun 30 17:07:49  Notes[390] <Warning>: +[ICMigrationController continueMigrationIfNecessary]:97 :: Continuing migration if necessary
Jun 30 17:07:49  Notes[390] <Warning>: +[ICMigrationController continueMigrationIfNecessary]:109 :: Migration state is (Unknown). Starting migration controller
